This is pdfTeX, Version 3.1415926-2.4-1.40.13 (TeX Live 2012/Debian) (format=pdflatex 2013.5.19)  7 AUG 2013 04:17
entering extended mode
 restricted \write18 enabled.
 file:line:error style messages enabled.
 %&-line parsing enabled.
**\catcode126=12 \def\normaltilde{~}\catcode126=13 \let~\normaltilde  \input ./
introduction.tex
(./introduction.tex
./introduction.tex:1: Undefined control sequence.
l.1 \chapter
            {Introduction\label{introduction}}
? X
 
Here is how much of TeX's memory you used:
 6 strings out of 495059
 166 string characters out of 3182030
 45057 words of memory out of 3000000
 3289 multiletter control sequences out of 15000+200000
 3640 words of font info for 14 fonts, out of 3000000 for 9000
 14 hyphenation exceptions out of 8191
 4i,0n,3p,140b,8s stack positions out of 5000i,500n,10000p,200000b,50000s
No pages of output.
PDF statistics:
 0 PDF objects out of 1000 (max. 8388607)
 0 named destinations out of 1000 (max. 500000)
 1 words of extra memory for PDF output out of 10000 (max. 10000000)

